[{"line":1,"elements":[{"start_timestamp":"2022-01-14T11:55:30.201Z","before":[{"result":{"duration":520002300,"status":"passed"},"match":{"location":"demo.Cucumber.Hooks.beforeScenerio()"}}],"line":4,"name":"User enters Valid Credentials","description":"","id":"login-functionality;user-enters-valid-credentials","after":[{"result":{"status":"passed"},"match":{"location":"demo.Cucumber.Hooks.afterScenerio()"}}],"type":"scenario","keyword":"Scenario","steps":[{"result":{"duration":14826672800,"status":"passed"},"line":5,"name":"User Launch DemoWebshop application","match":{"location":"demo.Cucumber.LoginStepDef.user_launch_demo_webshop_application()"},"keyword":"Given "},{"result":{"duration":97002700,"status":"passed"},"line":6,"name":"User enters username and password","match":{"location":"demo.Cucumber.LoginStepDef.user_enters_username_and_password()"},"keyword":"When "},{"result":{"duration":1120749400,"status":"passed"},"line":7,"name":"User clicks on Login button","match":{"location":"demo.Cucumber.LoginStepDef.user_clicks_on_login_button()"},"keyword":"And "},{"result":{"status":"passed"},"line":8,"name":"Home Page is displayed","match":{"location":"demo.Cucumber.LoginStepDef.home_page_is_displayed()"},"keyword":"Then "},{"result":{"duration":94996000,"status":"passed"},"line":9,"name":"Close the browser","match":{"location":"demo.Cucumber.LoginStepDef.close_the_browser()"},"keyword":"And "}],"tags":[{"name":"@Smoke"}]},{"start_timestamp":"2022-01-14T11:55:46.944Z","before":[{"result":{"duration":3001800,"status":"passed"},"match":{"location":"demo.Cucumber.Hooks.beforeScenerio()"}}],"line":12,"name":"User enters Invalid Credentials","description":"","id":"login-functionality;user-enters-invalid-credentials","after":[{"result":{"status":"passed"},"match":{"location":"demo.Cucumber.Hooks.afterScenerio()"}}],"type":"scenario","keyword":"Scenario","steps":[{"result":{"duration":13682054100,"status":"passed"},"line":13,"name":"User Launch DemoWebshop application","match":{"location":"demo.Cucumber.LoginStepDef.user_launch_demo_webshop_application()"},"keyword":"Given "},{"result":{"duration":102001000,"status":"passed"},"line":14,"name":"User enters Invalid username and password","match":{"location":"demo.Cucumber.LoginStepDef.user_enters_invalid_username_and_password()"},"keyword":"When "},{"result":{"duration":596480000,"status":"passed"},"line":15,"name":"User clicks on Login button","match":{"location":"demo.Cucumber.LoginStepDef.user_clicks_on_login_button()"},"keyword":"And "},{"result":{"status":"passed"},"line":16,"name":"Home Page is displayed","match":{"location":"demo.Cucumber.LoginStepDef.home_page_is_displayed()"},"keyword":"Then "},{"result":{"duration":77999800,"status":"passed"},"line":17,"name":"Close the browser","match":{"location":"demo.Cucumber.LoginStepDef.close_the_browser()"},"keyword":"And "}],"tags":[{"name":"@Sanity"}]},{"start_timestamp":"2022-01-14T11:56:01.422Z","before":[{"result":{"duration":3999200,"status":"passed"},"match":{"location":"demo.Cucumber.Hooks.beforeScenerio()"}}],"line":29,"name":"Verify valid Credentials","description":"","id":"login-functionality;verify-valid-credentials;;2","after":[{"result":{"status":"passed"},"match":{"location":"demo.Cucumber.Hooks.afterScenerio()"}}],"type":"scenario","keyword":"Scenario Outline","steps":[{"result":{"error_message":"org.openqa.selenium.NoSuchWindowException: no such window: target window already closed\nfrom unknown error: web view not found\n  (Session info: chrome=97.0.4692.71)\nBuild info: version: '3.141.5', revision: 'd54ebd709a', time: '2018-11-06T11:42:16'\nSystem info: host: 'IN3054154W1', ip: '192.168.1.10', os.name: 'Windows 10', os.arch: 'amd64', os.version: '10.0', java.version: '15.0.2'\nDriver info: org.openqa.selenium.chrome.ChromeDriver\nCapabilities {acceptInsecureCerts: false, browserName: chrome, browserVersion: 97.0.4692.71, chrome: {chromedriverVersion: 97.0.4692.71 (adefa7837d02a..., userDataDir: C:\\Users\\CF252TS\\AppData\\Lo...}, goog:chromeOptions: {debuggerAddress: localhost:59719}, javascriptEnabled: true, networkConnectionEnabled: false, pageLoadStrategy: normal, platform: WINDOWS, platformName: WINDOWS, proxy: Proxy(), setWindowRect: true, strictFileInteractability: false, timeouts: {implicit: 0, pageLoad: 300000, script: 30000}, unhandledPromptBehavior: dismiss and notify, webauthn:extension:credBlob: true, webauthn:extension:largeBlob: true, webauthn:virtualAuthenticators: true}\nSession ID: 6fd2ce3ed1ba5461dfb66389f19a8cc0\r\n\tat java.base/jdk.internal.reflect.NativeConstructorAccessorImpl.newInstance0(Native Method)\r\n\tat java.base/jdk.internal.reflect.NativeConstructorAccessorImpl.newInstance(NativeConstructorAccessorImpl.java:64)\r\n\tat java.base/jdk.internal.reflect.DelegatingConstructorAccessorImpl.newInstance(DelegatingConstructorAccessorImpl.java:45)\r\n\tat java.base/java.lang.reflect.Constructor.newInstanceWithCaller(Constructor.java:500)\r\n\tat java.base/java.lang.reflect.Constructor.newInstance(Constructor.java:481)\r\n\tat org.openqa.selenium.remote.http.W3CHttpResponseCodec.createException(W3CHttpResponseCodec.java:187)\r\n\tat org.openqa.selenium.remote.http.W3CHttpResponseCodec.decode(W3CHttpResponseCodec.java:122)\r\n\tat org.openqa.selenium.remote.http.W3CHttpResponseCodec.decode(W3CHttpResponseCodec.java:49)\r\n\tat org.openqa.selenium.remote.HttpCommandExecutor.execute(HttpCommandExecutor.java:158)\r\n\tat org.openqa.selenium.remote.service.DriverCommandExecutor.execute(DriverCommandExecutor.java:83)\r\n\tat org.openqa.selenium.remote.RemoteWebDriver.execute(RemoteWebDriver.java:552)\r\n\tat org.openqa.selenium.remote.RemoteWebDriver.execute(RemoteWebDriver.java:609)\r\n\tat org.openqa.selenium.remote.RemoteWebDriver$RemoteWebDriverOptions$RemoteWindow.maximize(RemoteWebDriver.java:837)\r\n\tat demo.Cucumber.LoginStepDef.user_launch_demo_webshop_application(LoginStepDef.java:22)\r\n\tat ✽.User Launch DemoWebshop application(file:///C:/Users/CF252TS/eclipse-workspace/CucumberProject/src/test/resources/FeatureFiles/LoginDemo.feature:21)\r\n","duration":5948175100,"status":"failed"},"line":21,"name":"User Launch DemoWebshop application","match":{"location":"demo.Cucumber.LoginStepDef.user_launch_demo_webshop_application()"},"keyword":"Given "},{"result":{"status":"skipped"},"line":22,"name":"User enters Valid \"hkc@d.com\" and \"test123\"","match":{"arguments":[{"val":"\"hkc@d.com\"","offset":18},{"val":"\"test123\"","offset":34}],"location":"demo.Cucumber.LoginStepDef.user_enters_valid_and(java.lang.String,java.lang.String)"},"keyword":"When "},{"result":{"status":"skipped"},"line":23,"name":"User clicks on Login button","match":{"location":"demo.Cucumber.LoginStepDef.user_clicks_on_login_button()"},"keyword":"And "},{"result":{"status":"skipped"},"line":24,"name":"Home Page is displayed","match":{"location":"demo.Cucumber.LoginStepDef.home_page_is_displayed()"},"keyword":"Then "},{"result":{"status":"skipped"},"line":25,"name":"Close the browser","match":{"location":"demo.Cucumber.LoginStepDef.close_the_browser()"},"keyword":"And "}],"tags":[{"name":"@Smoke"}]},{"start_timestamp":"2022-01-14T11:56:07.399Z","before":[{"result":{"duration":4002300,"status":"passed"},"match":{"location":"demo.Cucumber.Hooks.beforeScenerio()"}}],"line":30,"name":"Verify valid Credentials","description":"","id":"login-functionality;verify-valid-credentials;;3","after":[{"result":{"status":"passed"},"match":{"location":"demo.Cucumber.Hooks.afterScenerio()"}}],"type":"scenario","keyword":"Scenario Outline","steps":[{"result":{"error_message":"org.openqa.selenium.WebDriverException: unknown error: cannot determine loading status\nfrom disconnected: received Inspector.detached event\n  (Session info: chrome=97.0.4692.71)\nBuild info: version: '3.141.5', revision: 'd54ebd709a', time: '2018-11-06T11:42:16'\nSystem info: host: 'IN3054154W1', ip: '192.168.1.10', os.name: 'Windows 10', os.arch: 'amd64', os.version: '10.0', java.version: '15.0.2'\nDriver info: org.openqa.selenium.chrome.ChromeDriver\nCapabilities {acceptInsecureCerts: false, browserName: chrome, browserVersion: 97.0.4692.71, chrome: {chromedriverVersion: 97.0.4692.71 (adefa7837d02a..., userDataDir: C:\\Users\\CF252TS\\AppData\\Lo...}, goog:chromeOptions: {debuggerAddress: localhost:59766}, javascriptEnabled: true, networkConnectionEnabled: false, pageLoadStrategy: normal, platform: WINDOWS, platformName: WINDOWS, proxy: Proxy(), setWindowRect: true, strictFileInteractability: false, timeouts: {implicit: 0, pageLoad: 300000, script: 30000}, unhandledPromptBehavior: dismiss and notify, webauthn:extension:credBlob: true, webauthn:extension:largeBlob: true, webauthn:virtualAuthenticators: true}\nSession ID: f85edbf950c09c619d40c643c3a2f094\r\n\tat java.base/jdk.internal.reflect.NativeConstructorAccessorImpl.newInstance0(Native Method)\r\n\tat java.base/jdk.internal.reflect.NativeConstructorAccessorImpl.newInstance(NativeConstructorAccessorImpl.java:64)\r\n\tat java.base/jdk.internal.reflect.DelegatingConstructorAccessorImpl.newInstance(DelegatingConstructorAccessorImpl.java:45)\r\n\tat java.base/java.lang.reflect.Constructor.newInstanceWithCaller(Constructor.java:500)\r\n\tat java.base/java.lang.reflect.Constructor.newInstance(Constructor.java:481)\r\n\tat org.openqa.selenium.remote.http.W3CHttpResponseCodec.createException(W3CHttpResponseCodec.java:187)\r\n\tat org.openqa.selenium.remote.http.W3CHttpResponseCodec.decode(W3CHttpResponseCodec.java:122)\r\n\tat org.openqa.selenium.remote.http.W3CHttpResponseCodec.decode(W3CHttpResponseCodec.java:49)\r\n\tat org.openqa.selenium.remote.HttpCommandExecutor.execute(HttpCommandExecutor.java:158)\r\n\tat org.openqa.selenium.remote.service.DriverCommandExecutor.execute(DriverCommandExecutor.java:83)\r\n\tat org.openqa.selenium.remote.RemoteWebDriver.execute(RemoteWebDriver.java:552)\r\n\tat org.openqa.selenium.remote.RemoteWebDriver.get(RemoteWebDriver.java:277)\r\n\tat demo.Cucumber.LoginStepDef.user_launch_demo_webshop_application(LoginStepDef.java:21)\r\n\tat ✽.User Launch DemoWebshop application(file:///C:/Users/CF252TS/eclipse-workspace/CucumberProject/src/test/resources/FeatureFiles/LoginDemo.feature:21)\r\n","duration":3699045500,"status":"failed"},"line":21,"name":"User Launch DemoWebshop application","match":{"location":"demo.Cucumber.LoginStepDef.user_launch_demo_webshop_application()"},"keyword":"Given "},{"result":{"status":"skipped"},"line":22,"name":"User enters Valid \"asdfa..\" and \"test123\"","match":{"arguments":[{"val":"\"asdfa..\"","offset":18},{"val":"\"test123\"","offset":32}],"location":"demo.Cucumber.LoginStepDef.user_enters_valid_and(java.lang.String,java.lang.String)"},"keyword":"When "},{"result":{"duration":997100,"status":"skipped"},"line":23,"name":"User clicks on Login button","match":{"location":"demo.Cucumber.LoginStepDef.user_clicks_on_login_button()"},"keyword":"And "},{"result":{"status":"skipped"},"line":24,"name":"Home Page is displayed","match":{"location":"demo.Cucumber.LoginStepDef.home_page_is_displayed()"},"keyword":"Then "},{"result":{"status":"skipped"},"line":25,"name":"Close the browser","match":{"location":"demo.Cucumber.LoginStepDef.close_the_browser()"},"keyword":"And "}],"tags":[{"name":"@Smoke"}]}],"name":"Login Functionality","description":"","id":"login-functionality","keyword":"Feature","uri":"file:src/test/resources/FeatureFiles/LoginDemo.feature","tags":[]}]